<?xml version="1.0" encoding="UTF-8"?>
<!-- Generated by org.testng.reporters.JUnitXMLReporter -->
<testsuite ignored="1" hostname="LAPTOP-05F35INE" failures="3" tests="12" name="Personal laon" time="0.12" errors="0" timestamp="14 Feb 2021 11:22:24 GMT">
  <testcase classname="Day1.practise" name="gift" time="0.006">
    <failure type="java.lang.ArithmeticException" message="/ by zero">
      <![CDATA[java.lang.ArithmeticException: / by zero
	at Day1.practise.gift(practise.java:29)
... Removed 25 stack frames]]>
    </failure>
  </testcase> <!-- gift -->
  <testcase classname="Day1.practise" name="login" time="0.0">
    <failure type="org.testng.TestNGException" message="
Parameter &amp;apos;URL&amp;apos; is required by @Test on method login but has not been marked @Optional or defined
in C:\Users\sshen\Frameworkexplanation\Testngpractise\testng2.xml">
      <![CDATA[org.testng.TestNGException: 
Parameter 'URL' is required by @Test on method login but has not been marked @Optional or defined
in C:\Users\sshen\Frameworkexplanation\Testngpractise\testng2.xml
... Removed 23 stack frames]]>
    </failure>
  </testcase> <!-- login -->
  <testcase classname="Day1.practise2" name="logout" time="0.002"/>
  <testcase classname="Day1.practise3" name="apicarloan" time="0.0">
    <failure type="org.testng.TestNGException" message="
Parameter &amp;apos;URL&amp;apos; is required by @Test on method apicarloan but has not been marked @Optional or defined
in C:\Users\sshen\Frameworkexplanation\Testngpractise\testng2.xml">
      <![CDATA[org.testng.TestNGException: 
Parameter 'URL' is required by @Test on method apicarloan but has not been marked @Optional or defined
in C:\Users\sshen\Frameworkexplanation\Testngpractise\testng2.xml
... Removed 23 stack frames]]>
    </failure>
  </testcase> <!-- apicarloan -->
  <testcase classname="Day1.practise3" name="mobdocuments" time="0.01"/>
  <testcase classname="Day1.practise3" name="webcarloan" time="0.002"/>
  <testcase classname="Day1.practise4" name="apibikeloan" time="0.002"/>
  <testcase classname="Day1.practise4" name="webbikeloan" time="0.003"/>
  <testcase classname="Day1.practise4" name="mobbikeloan" time="0.001"/>
  <testcase classname="Day1.practise5" name="carrent" time="0.001"/>
  <testcase classname="Day1.practise5" name="carrent" time="0.001"/>
  <testcase classname="Day1.practise5" name="carrent" time="0.002"/>
  <testcase classname="Day1.practise3" name="mobcarloan" time="0.0">
    <ignored/>
  </testcase> <!-- mobcarloan -->
</testsuite> <!-- Personal laon -->
